<?xml version="1.0" encoding="UTF-8"?>
<testng-results ignored="0" total="2" passed="2" failed="0" skipped="0">
  <reporter-output>
  </reporter-output>
  <suite started-at="2024-01-05T18:43:50 IST" name="Default suite" finished-at="2024-01-05T18:43:54 IST" duration-ms="4068">
    <groups>
      <group name="cucumber">
        <method signature="AbstractTestNGCucumberTests.runScenario(io.cucumber.testng.PickleWrapper,io.cucumber.testng.FeatureWrapper)[pri:0, instance:Runner.Umsrunner@71e693fa]" name="runScenario" class="io.cucumber.testng.AbstractTestNGCucumberTests"/>
      </group> <!-- cucumber -->
    </groups>
    <test started-at="2024-01-05T18:43:50 IST" name="Default test" finished-at="2024-01-05T18:43:54 IST" duration-ms="4068">
      <class name="Runner.Umsrunner">
        <test-method is-config="true" signature="setUpClass(org.testng.ITestContext)[pri:0, instance:Runner.Umsrunner@71e693fa]" started-at="2024-01-05T18:43:50 IST" name="setUpClass" finished-at="2024-01-05T18:43:51 IST" duration-ms="1050" status="PASS">
          <params>
            <param index="0">
              <value>
                <![CDATA[org.testng.TestRunner@3f725306]]>
              </value>
            </param>
          </params>
          <reporter-output>
          </reporter-output>
        </test-method> <!-- setUpClass -->
        <test-method signature="runScenario(io.cucumber.testng.PickleWrapper,io.cucumber.testng.FeatureWrapper)[pri:0, instance:Runner.Umsrunner@71e693fa]" started-at="2024-01-05T18:43:51 IST" name="runScenario" description="Runs Cucumber Scenarios" data-provider="scenarios" finished-at="2024-01-05T18:43:52 IST" duration-ms="201" status="PASS">
          <params>
            <param index="0">
              <value>
                <![CDATA["forgot password"]]>
              </value>
            </param>
            <param index="1">
              <value>
                <![CDATA["Login the UMS"]]>
              </value>
            </param>
          </params>
          <reporter-output>
          </reporter-output>
        </test-method> <!-- runScenario -->
        <test-method signature="runScenario(io.cucumber.testng.PickleWrapper,io.cucumber.testng.FeatureWrapper)[pri:0, instance:Runner.Umsrunner@71e693fa]" started-at="2024-01-05T18:43:52 IST" name="runScenario" description="Runs Cucumber Scenarios" data-provider="scenarios" finished-at="2024-01-05T18:43:52 IST" duration-ms="70" status="PASS">
          <params>
            <param index="0">
              <value>
                <![CDATA["forgot password"]]>
              </value>
            </param>
            <param index="1">
              <value>
                <![CDATA["Login the UMS"]]>
              </value>
            </param>
          </params>
          <reporter-output>
          </reporter-output>
        </test-method> <!-- runScenario -->
        <test-method is-config="true" signature="tearDownClass()[pri:0, instance:Runner.Umsrunner@71e693fa]" started-at="2024-01-05T18:43:52 IST" name="tearDownClass" finished-at="2024-01-05T18:43:54 IST" duration-ms="2601" status="PASS">
          <reporter-output>
          </reporter-output>
        </test-method> <!-- tearDownClass -->
      </class> <!-- Runner.Umsrunner -->
    </test> <!-- Default test -->
  </suite> <!-- Default suite -->
</testng-results>
